# JRE version: OpenJDK Runtime Environment (8.0_76-b03) (build 1.8.0_76-release-b03)
# Java VM: OpenJDK 64-Bit Server VM (25.76-b03 mixed mode linux-amd64 compressed oops)
Heap:
 PSYoungGen      total 434176K, used 0K [0x00000000e0000000, 0x00000000ffa80000, 0x0000000100000000)
  eden space 356864K, 0% used [0x00000000e0000000,0x00000000e0000000,0x00000000f5c80000)
  from space 77312K, 0% used [0x00000000faf00000,0x00000000faf00000,0x00000000ffa80000)
  to   space 80896K, 0% used [0x00000000f5c80000,0x00000000f5c80000,0x00000000fab80000)
 ParOldGen       total 595456K, used 386072K [0x00000000a0000000, 0x00000000c4580000, 0x00000000e0000000)
  object space 595456K, 64% used [0x00000000a0000000,0x00000000b7906150,0x00000000c4580000)
 Metaspace       used 83096K, capacity 87768K, committed 92800K, reserved 1130496K
  class space    used 10283K, capacity 10982K, committed 12160K, reserved 1048576K
GC Heap History (10 events):
Event: 4316.296 GC heap after
Heap after GC invocations=286 (full 30):
 PSYoungGen      total 419328K, used 44284K [0x00000000e0000000, 0x00000000ff500000, 0x0000000100000000)
  eden space 336896K, 0% used [0x00000000e0000000,0x00000000e0000000,0x00000000f4900000)
  from space 82432K, 53% used [0x00000000fa480000,0x00000000fcfbf168,0x00000000ff500000)
  to   space 88064K, 0% used [0x00000000f4900000,0x00000000f4900000,0x00000000f9f00000)
 ParOldGen       total 595456K, used 394151K [0x00000000a0000000, 0x00000000c4580000, 0x00000000e0000000)
  object space 595456K, 66% used [0x00000000a0000000,0x00000000b80e9da0,0x00000000c4580000)
 Metaspace       used 84934K, capacity 89668K, committed 92800K, reserved 1130496K
  class space    used 10558K, capacity 11278K, committed 12160K, reserved 1048576K
}
Event: 4316.614 GC heap before
{Heap before GC invocations=287 (full 30):
 PSYoungGen      total 419328K, used 381180K [0x00000000e0000000, 0x00000000ff500000, 0x0000000100000000)
  eden space 336896K, 100% used [0x00000000e0000000,0x00000000f4900000,0x00000000f4900000)
  from space 82432K, 53% used [0x00000000fa480000,0x00000000fcfbf168,0x00000000ff500000)
  to   space 88064K, 0% used [0x00000000f4900000,0x00000000f4900000,0x00000000f9f00000)
 ParOldGen       total 595456K, used 394151K [0x00000000a0000000, 0x00000000c4580000, 0x00000000e0000000)
  object space 595456K, 66% used [0x00000000a0000000,0x00000000b80e9da0,0x00000000c4580000)
 Metaspace       used 84934K, capacity 89668K, committed 92800K, reserved 1130496K
  class space    used 10558K, capacity 11278K, committed 12160K, reserved 1048576K
Event: 4316.697 GC heap after
Heap after GC invocations=287 (full 30):
 PSYoungGen      total 424960K, used 51402K [0x00000000e0000000, 0x0000000100000000, 0x0000000100000000)
  eden space 336896K, 0% used [0x00000000e0000000,0x00000000e0000000,0x00000000f4900000)
  from space 88064K, 58% used [0x00000000f4900000,0x00000000f7b32aa0,0x00000000f9f00000)
  to   space 86528K, 0% used [0x00000000fab80000,0x00000000fab80000,0x0000000100000000)
 ParOldGen       total 595456K, used 431328K [0x00000000a0000000, 0x00000000c4580000, 0x00000000e0000000)
  object space 595456K, 72% used [0x00000000a0000000,0x00000000ba538208,0x00000000c4580000)
 Metaspace       used 84934K, capacity 89668K, committed 92800K, reserved 1130496K
  class space    used 10558K, capacity 11278K, committed 12160K, reserved 1048576K
}
Event: 4317.009 GC heap before
{Heap before GC invocations=288 (full 30):
 PSYoungGen      total 424960K, used 388298K [0x00000000e0000000, 0x0000000100000000, 0x0000000100000000)
  eden space 336896K, 100% used [0x00000000e0000000,0x00000000f4900000,0x00000000f4900000)
  from space 88064K, 58% used [0x00000000f4900000,0x00000000f7b32aa0,0x00000000f9f00000)
  to   space 86528K, 0% used [0x00000000fab80000,0x00000000fab80000,0x0000000100000000)
 ParOldGen       total 595456K, used 431328K [0x00000000a0000000, 0x00000000c4580000, 0x00000000e0000000)
  object space 595456K, 72% used [0x00000000a0000000,0x00000000ba538208,0x00000000c4580000)
 Metaspace       used 84934K, capacity 89668K, committed 92800K, reserved 1130496K
  class space    used 10558K, capacity 11278K, committed 12160K, reserved 1048576K
Event: 4317.110 GC heap after
Heap after GC invocations=288 (full 30):
 PSYoungGen      total 430592K, used 49212K [0x00000000e0000000, 0x00000000ffa80000, 0x0000000100000000)
  eden space 349696K, 0% used [0x00000000e0000000,0x00000000e0000000,0x00000000f5580000)
  from space 80896K, 60% used [0x00000000fab80000,0x00000000fdb8f208,0x00000000ffa80000)
  to   space 84480K, 0% used [0x00000000f5580000,0x00000000f5580000,0x00000000fa800000)
 ParOldGen       total 595456K, used 477742K [0x00000000a0000000, 0x00000000c4580000, 0x00000000e0000000)
  object space 595456K, 80% used [0x00000000a0000000,0x00000000bd28b9b8,0x00000000c4580000)
 Metaspace       used 84934K, capacity 89668K, committed 92800K, reserved 1130496K
  class space    used 10558K, capacity 11278K, committed 12160K, reserved 1048576K
}
Event: 4317.408 GC heap before
{Heap before GC invocations=289 (full 30):
 PSYoungGen      total 430592K, used 398908K [0x00000000e0000000, 0x00000000ffa80000, 0x0000000100000000)
  eden space 349696K, 100% used [0x00000000e0000000,0x00000000f5580000,0x00000000f5580000)
  from space 80896K, 60% used [0x00000000fab80000,0x00000000fdb8f208,0x00000000ffa80000)
  to   space 84480K, 0% used [0x00000000f5580000,0x00000000f5580000,0x00000000fa800000)
 ParOldGen       total 595456K, used 477742K [0x00000000a0000000, 0x00000000c4580000, 0x00000000e0000000)
  object space 595456K, 80% used [0x00000000a0000000,0x00000000bd28b9b8,0x00000000c4580000)
 Metaspace       used 84934K, capacity 89668K, committed 92800K, reserved 1130496K
  class space    used 10558K, capacity 11278K, committed 12160K, reserved 1048576K
Event: 4317.503 GC heap after
Heap after GC invocations=289 (full 30):
 PSYoungGen      total 434176K, used 51935K [0x00000000e0000000, 0x0000000100000000, 0x0000000100000000)
  eden space 349696K, 0% used [0x00000000e0000000,0x00000000e0000000,0x00000000f5580000)
  from space 84480K, 61% used [0x00000000f5580000,0x00000000f8837f48,0x00000000fa800000)
  to   space 82944K, 0% used [0x00000000faf00000,0x00000000faf00000,0x0000000100000000)
 ParOldGen       total 595456K, used 520537K [0x00000000a0000000, 0x00000000c4580000, 0x00000000e0000000)
  object space 595456K, 87% used [0x00000000a0000000,0x00000000bfc56640,0x00000000c4580000)
 Metaspace       used 84934K, capacity 89668K, committed 92800K, reserved 1130496K
  class space    used 10558K, capacity 11278K, committed 12160K, reserved 1048576K
}
Event: 4317.848 GC heap before
{Heap before GC invocations=290 (full 30):
 PSYoungGen      total 434176K, used 401631K [0x00000000e0000000, 0x0000000100000000, 0x0000000100000000)
  eden space 349696K, 100% used [0x00000000e0000000,0x00000000f5580000,0x00000000f5580000)
  from space 84480K, 61% used [0x00000000f5580000,0x00000000f8837f48,0x00000000fa800000)
  to   space 82944K, 0% used [0x00000000faf00000,0x00000000faf00000,0x0000000100000000)
 ParOldGen       total 595456K, used 520537K [0x00000000a0000000, 0x00000000c4580000, 0x00000000e0000000)
  object space 595456K, 87% used [0x00000000a0000000,0x00000000bfc56640,0x00000000c4580000)
 Metaspace       used 84934K, capacity 89668K, committed 92800K, reserved 1130496K
  class space    used 10558K, capacity 11278K, committed 12160K, reserved 1048576K
Event: 4317.973 GC heap after
Heap after GC invocations=290 (full 30):
 PSYoungGen      total 434176K, used 49691K [0x00000000e0000000, 0x00000000ffa80000, 0x0000000100000000)
  eden space 356864K, 0% used [0x00000000e0000000,0x00000000e0000000,0x00000000f5c80000)
  from space 77312K, 64% used [0x00000000faf00000,0x00000000fdf86e40,0x00000000ffa80000)
  to   space 80896K, 0% used [0x00000000f5c80000,0x00000000f5c80000,0x00000000fab80000)
 ParOldGen       total 595456K, used 570241K [0x00000000a0000000, 0x00000000c4580000, 0x00000000e0000000)
  object space 595456K, 95% used [0x00000000a0000000,0x00000000c2ce06b8,0x00000000c4580000)
 Metaspace       used 84934K, capacity 89668K, committed 92800K, reserved 1130496K
  class space    used 10558K, capacity 11278K, committed 12160K, reserved 1048576K
}
Event: 4317.973 GC heap before
{Heap before GC invocations=291 (full 31):
 PSYoungGen      total 434176K, used 49691K [0x00000000e0000000, 0x00000000ffa80000, 0x0000000100000000)
  eden space 356864K, 0% used [0x00000000e0000000,0x00000000e0000000,0x00000000f5c80000)
  from space 77312K, 64% used [0x00000000faf00000,0x00000000fdf86e40,0x00000000ffa80000)
  to   space 80896K, 0% used [0x00000000f5c80000,0x00000000f5c80000,0x00000000fab80000)
 ParOldGen       total 595456K, used 570241K [0x00000000a0000000, 0x00000000c4580000, 0x00000000e0000000)
  object space 595456K, 95% used [0x00000000a0000000,0x00000000c2ce06b8,0x00000000c4580000)
 Metaspace       used 84934K, capacity 89668K, committed 92800K, reserved 1130496K
  class space    used 10558K, capacity 11278K, committed 12160K, reserved 1048576K

